<?xml version="1.0" encoding="UTF-8"?><testsuite errors="0" failures="0" name="Verificar la creacion de un usuario por medio de la APIREST REQREST" skipped="0" tests="8" time="8.14" timestamp="2022-05-21 03:38:39"><testcase name="realizar una peticion POST para verificar que la creacion de un usuario fue satisfactoria"/><testcase name="realizar una peticion GET para verificar la existencia de usuarios previamente creados"/><testcase name="realizar una peticion GET para verificar la existencia de un usuario previamente creado por su id"/><testcase name="realizar una peticion DELETE para eliminar un usuario existente"/></testsuite>